
*** Running vivado
    with args -log LC3.vds -m64 -product Vivado -mode batch -messageDb vivado.pb -notrace -source LC3.tcl


****** Vivado v2023.1 (64-bit)
  **** SW Build 3865809 on Sun May  7 15:04:56 MDT 2023
  **** IP Build 3864474 on Sun May  7 20:36:21 MDT 2023
  **** SharedData Build 3865790 on Sun May 07 13:33:03 MDT 2023
    ** Copyright 1986-2022 Xilinx, Inc. All Rights Reserved.
    ** Copyright 2022-2023 Advanced Micro Devices, Inc. All Rights Reserved.

source LC3.tcl -notrace
create_project: Time (s): cpu = 00:00:07 ; elapsed = 00:00:08 . Memory (MB): peak = 2622.477 ; gain = 52.152 ; free physical = 3914 ; free virtual = 6149
Command: read_checkpoint -auto_incremental -incremental /home/user/lc3bsv/lc3bsv.srcs/utils_1/imports/synth_1/LC3.dcp
INFO: [Vivado 12-5825] Read reference checkpoint from /home/user/lc3bsv/lc3bsv.srcs/utils_1/imports/synth_1/LC3.dcp for incremental synthesis
INFO: [Vivado 12-7989] Please ensure there are no constraint changes
Command: synth_design -top LC3 -part xc7k70tfbv676-1
Starting synth_design
Attempting to get a license for feature 'Synthesis' and/or device 'xc7k70t'
INFO: [Common 17-349] Got license for feature 'Synthesis' and/or device 'xc7k70t'
INFO: [Designutils 20-5440] No compile time benefit to using incremental synthesis; A full resynthesis will be run
INFO: [Designutils 20-4379] Flow is switching to default flow due to incremental criteria not met. If you would like to alter this behaviour and have the flow terminate instead, please set the following parameter config_implementation {autoIncr.Synth.RejectBehavior Terminate}
INFO: [Synth 8-7079] Multithreading enabled for synth_design using a maximum of 4 processes.
INFO: [Synth 8-7078] Launching helper process for spawning children vivado processes
INFO: [Synth 8-7075] Helper process launched with PID 5966
---------------------------------------------------------------------------------
Starting Synthesize : Time (s): cpu = 00:00:05 ; elapsed = 00:00:06 . Memory (MB): peak = 3046.875 ; gain = 388.828 ; free physical = 3388 ; free virtual = 5495
---------------------------------------------------------------------------------
INFO: [Synth 8-6157] synthesizing module 'LC3' [/home/user/lc3bsv/lc3bsv.srcs/sources_1/new/LC3.sv:22]
INFO: [Synth 8-6157] synthesizing module 'memory' [/home/user/lc3bsv/lc3bsv.srcs/sources_1/new/memory.sv:23]
INFO: [Synth 8-6155] done synthesizing module 'memory' (0#1) [/home/user/lc3bsv/lc3bsv.srcs/sources_1/new/memory.sv:23]
INFO: [Synth 8-6157] synthesizing module 'datapath' [/home/user/lc3bsv/lc3bsv.srcs/sources_1/new/datapath.sv:72]
INFO: [Synth 8-6157] synthesizing module 'register_file' [/home/user/lc3bsv/lc3bsv.srcs/sources_1/new/register_file.sv:23]
INFO: [Synth 8-6155] done synthesizing module 'register_file' (0#1) [/home/user/lc3bsv/lc3bsv.srcs/sources_1/new/register_file.sv:23]
INFO: [Synth 8-6157] synthesizing module 'bus' [/home/user/lc3bsv/lc3bsv.srcs/sources_1/new/datapath.sv:165]
INFO: [Synth 8-6155] done synthesizing module 'bus' (0#1) [/home/user/lc3bsv/lc3bsv.srcs/sources_1/new/datapath.sv:165]
INFO: [Synth 8-6157] synthesizing module 'sr2_mux' [/home/user/lc3bsv/lc3bsv.srcs/sources_1/new/datapath.sv:257]
INFO: [Synth 8-6155] done synthesizing module 'sr2_mux' (0#1) [/home/user/lc3bsv/lc3bsv.srcs/sources_1/new/datapath.sv:257]
INFO: [Synth 8-6157] synthesizing module 'alu' [/home/user/lc3bsv/lc3bsv.srcs/sources_1/new/datapath.sv:197]
INFO: [Synth 8-6155] done synthesizing module 'alu' (0#1) [/home/user/lc3bsv/lc3bsv.srcs/sources_1/new/datapath.sv:197]
INFO: [Synth 8-6157] synthesizing module 'shf' [/home/user/lc3bsv/lc3bsv.srcs/sources_1/new/datapath.sv:222]
INFO: [Synth 8-226] default block is never used [/home/user/lc3bsv/lc3bsv.srcs/sources_1/new/datapath.sv:235]
INFO: [Synth 8-6155] done synthesizing module 'shf' (0#1) [/home/user/lc3bsv/lc3bsv.srcs/sources_1/new/datapath.sv:222]
INFO: [Synth 8-6157] synthesizing module 'addr1_mux' [/home/user/lc3bsv/lc3bsv.srcs/sources_1/new/datapath.sv:271]
INFO: [Synth 8-6155] done synthesizing module 'addr1_mux' (0#1) [/home/user/lc3bsv/lc3bsv.srcs/sources_1/new/datapath.sv:271]
INFO: [Synth 8-6157] synthesizing module 'addr2_mux' [/home/user/lc3bsv/lc3bsv.srcs/sources_1/new/datapath.sv:283]
INFO: [Synth 8-6155] done synthesizing module 'addr2_mux' (0#1) [/home/user/lc3bsv/lc3bsv.srcs/sources_1/new/datapath.sv:283]
INFO: [Synth 8-6157] synthesizing module 'lshf1mod' [/home/user/lc3bsv/lc3bsv.srcs/sources_1/new/datapath.sv:309]
INFO: [Synth 8-6155] done synthesizing module 'lshf1mod' (0#1) [/home/user/lc3bsv/lc3bsv.srcs/sources_1/new/datapath.sv:309]
INFO: [Synth 8-6157] synthesizing module 'adder_for_marmux_or_pcmux' [/home/user/lc3bsv/lc3bsv.srcs/sources_1/new/datapath.sv:320]
INFO: [Synth 8-6155] done synthesizing module 'adder_for_marmux_or_pcmux' (0#1) [/home/user/lc3bsv/lc3bsv.srcs/sources_1/new/datapath.sv:320]
INFO: [Synth 8-6157] synthesizing module 'mar_mux' [/home/user/lc3bsv/lc3bsv.srcs/sources_1/new/datapath.sv:332]
INFO: [Synth 8-6155] done synthesizing module 'mar_mux' (0#1) [/home/user/lc3bsv/lc3bsv.srcs/sources_1/new/datapath.sv:332]
INFO: [Synth 8-6157] synthesizing module 'pc_mux' [/home/user/lc3bsv/lc3bsv.srcs/sources_1/new/datapath.sv:344]
INFO: [Synth 8-6155] done synthesizing module 'pc_mux' (0#1) [/home/user/lc3bsv/lc3bsv.srcs/sources_1/new/datapath.sv:344]
INFO: [Synth 8-6157] synthesizing module 'ir_reg' [/home/user/lc3bsv/lc3bsv.srcs/sources_1/new/datapath.sv:371]
INFO: [Synth 8-6155] done synthesizing module 'ir_reg' (0#1) [/home/user/lc3bsv/lc3bsv.srcs/sources_1/new/datapath.sv:371]
INFO: [Synth 8-6157] synthesizing module 'ben_reg' [/home/user/lc3bsv/lc3bsv.srcs/sources_1/new/datapath.sv:384]
INFO: [Synth 8-6155] done synthesizing module 'ben_reg' (0#1) [/home/user/lc3bsv/lc3bsv.srcs/sources_1/new/datapath.sv:384]
INFO: [Synth 8-6157] synthesizing module 'cc_reg' [/home/user/lc3bsv/lc3bsv.srcs/sources_1/new/datapath.sv:406]
INFO: [Synth 8-6155] done synthesizing module 'cc_reg' (0#1) [/home/user/lc3bsv/lc3bsv.srcs/sources_1/new/datapath.sv:406]
INFO: [Synth 8-6157] synthesizing module 'pc_reg' [/home/user/lc3bsv/lc3bsv.srcs/sources_1/new/datapath.sv:423]
INFO: [Synth 8-6155] done synthesizing module 'pc_reg' (0#1) [/home/user/lc3bsv/lc3bsv.srcs/sources_1/new/datapath.sv:423]
INFO: [Synth 8-6157] synthesizing module 'mar_reg' [/home/user/lc3bsv/lc3bsv.srcs/sources_1/new/datapath.sv:436]
INFO: [Synth 8-6155] done synthesizing module 'mar_reg' (0#1) [/home/user/lc3bsv/lc3bsv.srcs/sources_1/new/datapath.sv:436]
INFO: [Synth 8-6157] synthesizing module 'mdr_reg' [/home/user/lc3bsv/lc3bsv.srcs/sources_1/new/datapath.sv:449]
INFO: [Synth 8-6155] done synthesizing module 'mdr_reg' (0#1) [/home/user/lc3bsv/lc3bsv.srcs/sources_1/new/datapath.sv:449]
INFO: [Synth 8-6157] synthesizing module 'mdr_in_logic' [/home/user/lc3bsv/lc3bsv.srcs/sources_1/new/datapath.sv:463]
INFO: [Synth 8-6155] done synthesizing module 'mdr_in_logic' (0#1) [/home/user/lc3bsv/lc3bsv.srcs/sources_1/new/datapath.sv:463]
INFO: [Synth 8-6157] synthesizing module 'mio_en_mux' [/home/user/lc3bsv/lc3bsv.srcs/sources_1/new/datapath.sv:479]
INFO: [Synth 8-6155] done synthesizing module 'mio_en_mux' (0#1) [/home/user/lc3bsv/lc3bsv.srcs/sources_1/new/datapath.sv:479]
INFO: [Synth 8-6157] synthesizing module 'mdr_out_logic' [/home/user/lc3bsv/lc3bsv.srcs/sources_1/new/datapath.sv:496]
INFO: [Synth 8-6155] done synthesizing module 'mdr_out_logic' (0#1) [/home/user/lc3bsv/lc3bsv.srcs/sources_1/new/datapath.sv:496]
INFO: [Synth 8-6157] synthesizing module 'we_logic' [/home/user/lc3bsv/lc3bsv.srcs/sources_1/new/datapath.sv:513]
INFO: [Synth 8-6155] done synthesizing module 'we_logic' (0#1) [/home/user/lc3bsv/lc3bsv.srcs/sources_1/new/datapath.sv:513]
INFO: [Synth 8-6155] done synthesizing module 'datapath' (0#1) [/home/user/lc3bsv/lc3bsv.srcs/sources_1/new/datapath.sv:72]
INFO: [Synth 8-6157] synthesizing module 'control' [/home/user/lc3bsv/lc3bsv.srcs/sources_1/new/control.sv:23]
INFO: [Synth 8-3876] $readmem data file 'ucode3.mem' is read successfully [/home/user/lc3bsv/lc3bsv.srcs/sources_1/new/control.sv:40]
INFO: [Synth 8-6155] done synthesizing module 'control' (0#1) [/home/user/lc3bsv/lc3bsv.srcs/sources_1/new/control.sv:23]
INFO: [Synth 8-6155] done synthesizing module 'LC3' (0#1) [/home/user/lc3bsv/lc3bsv.srcs/sources_1/new/LC3.sv:22]
WARNING: [Synth 8-6014] Unused sequential element ird_reg was removed.  [/home/user/lc3bsv/lc3bsv.srcs/sources_1/new/control.sv:46]
WARNING: [Synth 8-6014] Unused sequential element cond_reg was removed.  [/home/user/lc3bsv/lc3bsv.srcs/sources_1/new/control.sv:47]
WARNING: [Synth 8-6014] Unused sequential element j_reg was removed.  [/home/user/lc3bsv/lc3bsv.srcs/sources_1/new/control.sv:48]
WARNING: [Synth 8-3848] Net state_number in module/entity LC3 does not have driver. [/home/user/lc3bsv/lc3bsv.srcs/sources_1/new/LC3.sv:36]
WARNING: [Synth 8-7129] Port clk in module mdr_out_logic is either unconnected or has no load
WARNING: [Synth 8-7129] Port clk in module mio_en_mux is either unconnected or has no load
WARNING: [Synth 8-7129] Port clk in module mdr_in_logic is either unconnected or has no load
WARNING: [Synth 8-7129] Port ir[15] in module ben_reg is either unconnected or has no load
WARNING: [Synth 8-7129] Port ir[14] in module ben_reg is either unconnected or has no load
WARNING: [Synth 8-7129] Port ir[13] in module ben_reg is either unconnected or has no load
WARNING: [Synth 8-7129] Port ir[12] in module ben_reg is either unconnected or has no load
WARNING: [Synth 8-7129] Port ir[8] in module ben_reg is either unconnected or has no load
WARNING: [Synth 8-7129] Port ir[7] in module ben_reg is either unconnected or has no load
WARNING: [Synth 8-7129] Port ir[6] in module ben_reg is either unconnected or has no load
WARNING: [Synth 8-7129] Port ir[5] in module ben_reg is either unconnected or has no load
WARNING: [Synth 8-7129] Port ir[4] in module ben_reg is either unconnected or has no load
WARNING: [Synth 8-7129] Port ir[3] in module ben_reg is either unconnected or has no load
WARNING: [Synth 8-7129] Port ir[2] in module ben_reg is either unconnected or has no load
WARNING: [Synth 8-7129] Port ir[1] in module ben_reg is either unconnected or has no load
WARNING: [Synth 8-7129] Port ir[0] in module ben_reg is either unconnected or has no load
WARNING: [Synth 8-7129] Port clk in module pc_mux is either unconnected or has no load
WARNING: [Synth 8-7129] Port clk in module mar_mux is either unconnected or has no load
WARNING: [Synth 8-7129] Port clk in module adder_for_marmux_or_pcmux is either unconnected or has no load
WARNING: [Synth 8-7129] Port clk in module addr2_mux is either unconnected or has no load
WARNING: [Synth 8-7129] Port ir[15] in module addr2_mux is either unconnected or has no load
WARNING: [Synth 8-7129] Port ir[14] in module addr2_mux is either unconnected or has no load
WARNING: [Synth 8-7129] Port ir[13] in module addr2_mux is either unconnected or has no load
WARNING: [Synth 8-7129] Port ir[12] in module addr2_mux is either unconnected or has no load
WARNING: [Synth 8-7129] Port ir[11] in module addr2_mux is either unconnected or has no load
WARNING: [Synth 8-7129] Port clk in module addr1_mux is either unconnected or has no load
WARNING: [Synth 8-7129] Port clk in module shf is either unconnected or has no load
WARNING: [Synth 8-7129] Port clk in module alu is either unconnected or has no load
WARNING: [Synth 8-7129] Port clk in module sr2_mux is either unconnected or has no load
WARNING: [Synth 8-7129] Port control_signals[8] in module datapath is either unconnected or has no load
WARNING: [Synth 8-7129] Port control_signals[7] in module datapath is either unconnected or has no load
WARNING: [Synth 8-7129] Port control_signals[6] in module datapath is either unconnected or has no load
WARNING: [Synth 8-7129] Port control_signals[5] in module datapath is either unconnected or has no load
WARNING: [Synth 8-7129] Port control_signals[4] in module datapath is either unconnected or has no load
WARNING: [Synth 8-7129] Port control_signals[3] in module datapath is either unconnected or has no load
WARNING: [Synth 8-7129] Port control_signals[2] in module datapath is either unconnected or has no load
WARNING: [Synth 8-7129] Port control_signals[1] in module datapath is either unconnected or has no load
WARNING: [Synth 8-7129] Port control_signals[0] in module datapath is either unconnected or has no load
WARNING: [Synth 8-7129] Port address[0] in module memory is either unconnected or has no load
---------------------------------------------------------------------------------
Finished Synthesize : Time (s): cpu = 00:00:08 ; elapsed = 00:00:09 . Memory (MB): peak = 3119.551 ; gain = 461.504 ; free physical = 3009 ; free virtual = 5243
---------------------------------------------------------------------------------
---------------------------------------------------------------------------------
Finished Constraint Validation : Time (s): cpu = 00:00:08 ; elapsed = 00:00:09 . Memory (MB): peak = 3134.547 ; gain = 476.500 ; free physical = 3008 ; free virtual = 5242
---------------------------------------------------------------------------------
---------------------------------------------------------------------------------
Start Loading Part and Timing Information
---------------------------------------------------------------------------------
Loading part: xc7k70tfbv676-1
---------------------------------------------------------------------------------
INFO: [Device 21-403] Loading part xc7k70tfbv676-1
Finished Loading Part and Timing Information : Time (s): cpu = 00:00:09 ; elapsed = 00:00:09 . Memory (MB): peak = 3142.707 ; gain = 484.660 ; free physical = 3007 ; free virtual = 5241
---------------------------------------------------------------------------------
---------------------------------------------------------------------------------
Finished RTL Optimization Phase 2 : Time (s): cpu = 00:00:09 ; elapsed = 00:00:10 . Memory (MB): peak = 3154.359 ; gain = 496.312 ; free physical = 2982 ; free virtual = 5216
---------------------------------------------------------------------------------
No constraint files found.
---------------------------------------------------------------------------------
Start RTL Component Statistics 
---------------------------------------------------------------------------------
Detailed RTL Component Info : 
+---Adders : 
	   2 Input   16 Bit       Adders := 3     
	   2 Input    4 Bit       Adders := 1     
+---XORs : 
	   2 Input     16 Bit         XORs := 1     
+---Registers : 
	               35 Bit    Registers := 1     
	               16 Bit    Registers := 8     
	                8 Bit    Registers := 2     
	                6 Bit    Registers := 1     
	                4 Bit    Registers := 1     
	                3 Bit    Registers := 1     
	                2 Bit    Registers := 1     
	                1 Bit    Registers := 1     
+---RAMs : 
	             256K Bit	(32768 X 8 bit)          RAMs := 2     
	              128 Bit	(8 X 16 bit)          RAMs := 1     
+---Muxes : 
	  65 Input   35 Bit        Muxes := 1     
	   2 Input   16 Bit        Muxes := 9     
	   4 Input   16 Bit        Muxes := 4     
	   2 Input    8 Bit        Muxes := 1     
	   4 Input    6 Bit        Muxes := 1     
	   2 Input    4 Bit        Muxes := 1     
	   2 Input    3 Bit        Muxes := 3     
	   2 Input    2 Bit        Muxes := 1     
	   2 Input    1 Bit        Muxes := 4     
---------------------------------------------------------------------------------
Finished RTL Component Statistics 
---------------------------------------------------------------------------------
---------------------------------------------------------------------------------
Start Part Resource Summary
---------------------------------------------------------------------------------
Part Resources:
DSPs: 240 (col length:80)
BRAMs: 270 (col length: RAMB18 80 RAMB36 40)
---------------------------------------------------------------------------------
Finished Part Resource Summary
---------------------------------------------------------------------------------
No constraint files found.
---------------------------------------------------------------------------------
Start Cross Boundary and Area Optimization
---------------------------------------------------------------------------------
WARNING: [Synth 8-7080] Parallel synthesis criteria is not met
WARNING: [Synth 8-3936] Found unconnected internal register 'lc3/ir_r/ir_reg' and it is trimmed from '16' to '12' bits. [/home/user/lc3bsv/lc3bsv.srcs/sources_1/new/datapath.sv:379]
---------------------------------------------------------------------------------
Finished Cross Boundary and Area Optimization : Time (s): cpu = 00:00:15 ; elapsed = 00:00:18 . Memory (MB): peak = 3344.336 ; gain = 686.289 ; free physical = 2758 ; free virtual = 4996
---------------------------------------------------------------------------------
No constraint files found.
---------------------------------------------------------------------------------
Start Timing Optimization
---------------------------------------------------------------------------------
---------------------------------------------------------------------------------
Finished Timing Optimization : Time (s): cpu = 00:00:15 ; elapsed = 00:00:18 . Memory (MB): peak = 3344.703 ; gain = 686.656 ; free physical = 2756 ; free virtual = 4993
---------------------------------------------------------------------------------
---------------------------------------------------------------------------------
Start Technology Mapping
---------------------------------------------------------------------------------
---------------------------------------------------------------------------------
Finished Technology Mapping : Time (s): cpu = 00:00:15 ; elapsed = 00:00:18 . Memory (MB): peak = 3344.801 ; gain = 686.754 ; free physical = 2748 ; free virtual = 4985
---------------------------------------------------------------------------------
---------------------------------------------------------------------------------
Start IO Insertion
---------------------------------------------------------------------------------
---------------------------------------------------------------------------------
Start Flattening Before IO Insertion
---------------------------------------------------------------------------------
---------------------------------------------------------------------------------
Finished Flattening Before IO Insertion
---------------------------------------------------------------------------------
---------------------------------------------------------------------------------
Start Final Netlist Cleanup
---------------------------------------------------------------------------------
---------------------------------------------------------------------------------
Finished Final Netlist Cleanup
---------------------------------------------------------------------------------
---------------------------------------------------------------------------------
Finished IO Insertion : Time (s): cpu = 00:00:20 ; elapsed = 00:00:22 . Memory (MB): peak = 3344.875 ; gain = 686.828 ; free physical = 2746 ; free virtual = 4984
---------------------------------------------------------------------------------
---------------------------------------------------------------------------------
Start Renaming Generated Instances
---------------------------------------------------------------------------------
---------------------------------------------------------------------------------
Finished Renaming Generated Instances : Time (s): cpu = 00:00:20 ; elapsed = 00:00:22 . Memory (MB): peak = 3344.883 ; gain = 686.836 ; free physical = 2746 ; free virtual = 4984
---------------------------------------------------------------------------------
---------------------------------------------------------------------------------
Start Rebuilding User Hierarchy
---------------------------------------------------------------------------------
---------------------------------------------------------------------------------
Finished Rebuilding User Hierarchy : Time (s): cpu = 00:00:20 ; elapsed = 00:00:22 . Memory (MB): peak = 3344.914 ; gain = 686.867 ; free physical = 2746 ; free virtual = 4984
---------------------------------------------------------------------------------
---------------------------------------------------------------------------------
Start Renaming Generated Ports
---------------------------------------------------------------------------------
---------------------------------------------------------------------------------
Finished Renaming Generated Ports : Time (s): cpu = 00:00:20 ; elapsed = 00:00:22 . Memory (MB): peak = 3344.922 ; gain = 686.875 ; free physical = 2746 ; free virtual = 4984
---------------------------------------------------------------------------------
---------------------------------------------------------------------------------
Start Handling Custom Attributes
---------------------------------------------------------------------------------
---------------------------------------------------------------------------------
Finished Handling Custom Attributes : Time (s): cpu = 00:00:20 ; elapsed = 00:00:22 . Memory (MB): peak = 3344.934 ; gain = 686.887 ; free physical = 2746 ; free virtual = 4983
---------------------------------------------------------------------------------
---------------------------------------------------------------------------------
Start Renaming Generated Nets
---------------------------------------------------------------------------------
---------------------------------------------------------------------------------
Finished Renaming Generated Nets : Time (s): cpu = 00:00:20 ; elapsed = 00:00:22 . Memory (MB): peak = 3344.938 ; gain = 686.891 ; free physical = 2746 ; free virtual = 4983
---------------------------------------------------------------------------------
---------------------------------------------------------------------------------
Start Writing Synthesis Report
---------------------------------------------------------------------------------

Report BlackBoxes: 
+-+--------------+----------+
| |BlackBox name |Instances |
+-+--------------+----------+
+-+--------------+----------+

Report Cell Usage: 
+-+-----+------+
| |Cell |Count |
+-+-----+------+
+-+-----+------+

Report Instance Areas: 
+------+---------+-------+------+
|      |Instance |Module |Cells |
+------+---------+-------+------+
|1     |top      |       |     0|
+------+---------+-------+------+
---------------------------------------------------------------------------------
Finished Writing Synthesis Report : Time (s): cpu = 00:00:20 ; elapsed = 00:00:22 . Memory (MB): peak = 3344.969 ; gain = 686.922 ; free physical = 2746 ; free virtual = 4983
---------------------------------------------------------------------------------
Synthesis finished with 0 errors, 0 critical warnings and 45 warnings.
Synthesis Optimization Runtime : Time (s): cpu = 00:00:20 ; elapsed = 00:00:22 . Memory (MB): peak = 3344.988 ; gain = 686.938 ; free physical = 2746 ; free virtual = 4983
Synthesis Optimization Complete : Time (s): cpu = 00:00:20 ; elapsed = 00:00:22 . Memory (MB): peak = 3345.000 ; gain = 686.941 ; free physical = 2746 ; free virtual = 4983
INFO: [Project 1-571] Translating synthesized netlist
Netlist sorting complete. Time (s): cpu = 00:00:00 ; elapsed = 00:00:00 . Memory (MB): peak = 3345.770 ; gain = 0.020 ; free physical = 3120 ; free virtual = 5365
INFO: [Project 1-570] Preparing netlist for logic optimization
INFO: [Opt 31-138] Pushed 0 inverter(s) to 0 load pin(s).
Netlist sorting complete. Time (s): cpu = 00:00:00 ; elapsed = 00:00:00 . Memory (MB): peak = 3437.879 ; gain = 0.000 ; free physical = 3028 ; free virtual = 5276
INFO: [Project 1-111] Unisim Transformation Summary:
No Unisim elements were transformed.

Synth Design complete | Checksum: a0db3b01
INFO: [Common 17-83] Releasing license: Synthesis
66 Infos, 45 Warnings, 0 Critical Warnings and 0 Errors encountered.
synth_design completed successfully
synth_design: Time (s): cpu = 00:00:29 ; elapsed = 00:00:25 . Memory (MB): peak = 3437.965 ; gain = 790.684 ; free physical = 3028 ; free virtual = 5276
INFO: [Common 17-2834] synth_design peak Physical Memory [PSS] (MB): overall = 2050.289; main = 1616.189; forked = 578.042
INFO: [Common 17-2834] synth_design peak Virtual Memory [VSS] (MB): overall = 7867.129; main = 3437.965; forked = 4522.285
INFO: [Common 17-1381] The checkpoint '/home/user/lc3bsv/lc3bsv.runs/synth_1/LC3.dcp' has been generated.
INFO: [runtcl-4] Executing : report_utilization -file LC3_utilization_synth.rpt -pb LC3_utilization_synth.pb
INFO: [Common 17-206] Exiting Vivado at Sat Dec 23 22:29:44 2023...
